#
# There is insufficient memory for the Java Runtime Environment to continue.
# Native memory allocation (malloc) failed to allocate 1045760 bytes for Chunk::new
# Possible reasons:
#   The system is out of physical RAM or swap space
#   The process is running with CompressedOops enabled, and the Java Heap may be blocking the growth of the native heap
# Possible solutions:
#   Reduce memory load on the system
#   Increase physical memory or swap space
#   Check if swap backing store is full
#   Decrease Java heap size (-Xmx/-Xms)
#   Decrease number of Java threads
#   Decrease Java thread stack sizes (-Xss)
#   Set larger code cache with -XX:ReservedCodeCacheSize=
#   JVM is running with Unscaled Compressed Oops mode in which the Java heap is
#     placed in the first 4GB address space. The Java Heap base address is the
#     maximum limit for the native heap growth. Please use -XX:HeapBaseMinAddress
#     to set the Java Heap base and to place the Java Heap above 4GB virtual address.
# This output file may be truncated or incomplete.
#
#  Out of Memory Error (allocation.cpp:389), pid=7444, tid=0x00000000000013a0
#
# JRE version: OpenJDK Runtime Environment (8.0_242-b01) (build 1.8.0_242-release-1644-b01)
# Java VM: OpenJDK 64-Bit Server VM (25.242-b01 mixed mode windows-amd64 compressed oops)
# Failed to write core dump. Minidumps are not enabled by default on client versions of Windows
#

---------------  T H R E A D  ---------------

Current thread (0x00000000196c1000):  JavaThread "C2 CompilerThread0" daemon [_thread_in_native, id=5024, stack(0x0000000019fa0000,0x000000001a0a0000)]

Stack: [0x0000000019fa0000,0x000000001a0a0000]
[error occurred during error reporting (printing stack bounds), id 0xc0000005]

Native frames: (J=compiled Java code, j=interpreted, Vv=VM code, C=native code)


Current CompileTask:
C2:10543311 33244       4       com.android.utils.XmlUtils::append (639 bytes)


---------------  P R O C E S S  ---------------

Java Threads: ( => current thread )
  0x000000001ecc2800 JavaThread "stdout" [_thread_in_native, id=59076, stack(0x000000002f4f0000,0x000000002f5f0000)]
  0x000000001c886800 JavaThread "stderr" [_thread_in_native, id=55356, stack(0x000000002f3f0000,0x000000002f4f0000)]
  0x000000001c885000 JavaThread "stdout" [_thread_in_native, id=59840, stack(0x000000002f2f0000,0x000000002f3f0000)]
  0x000000001c884800 JavaThread "stderr" [_thread_in_native, id=58504, stack(0x000000002f1f0000,0x000000002f2f0000)]
  0x000000001c883800 JavaThread "WorkerExecutor Queue Thread 8" [_thread_blocked, id=57672, stack(0x000000002f0f0000,0x000000002f1f0000)]
  0x000000001c882000 JavaThread "WorkerExecutor Queue Thread 7" [_thread_blocked, id=59880, stack(0x000000002eff0000,0x000000002f0f0000)]
  0x000000001c886000 JavaThread "WorkerExecutor Queue Thread 6" [_thread_blocked, id=59728, stack(0x000000002de50000,0x000000002df50000)]
  0x000000001c880800 JavaThread "stdout" [_thread_in_native, id=59488, stack(0x000000002dd50000,0x000000002de50000)]
  0x000000001c881800 JavaThread "stderr" [_thread_in_native, id=59836, stack(0x000000002d970000,0x000000002da70000)]
  0x000000001fb45000 JavaThread "WorkerExecutor Queue Thread 5" [_thread_blocked, id=54812, stack(0x000000002b530000,0x000000002b630000)]
  0x000000001fb42000 JavaThread "stdout" [_thread_in_native, id=59572, stack(0x000000002b430000,0x000000002b530000)]
  0x000000001fb44000 JavaThread "stderr" [_thread_in_native, id=59516, stack(0x000000002b330000,0x000000002b430000)]
  0x000000001fb41000 JavaThread "pool-124-thread-1" [_thread_blocked, id=59576, stack(0x000000002a260000,0x000000002a360000)]
  0x000000001fb42800 JavaThread "WorkerExecutor Queue Thread 4" [_thread_blocked, id=59584, stack(0x0000000029d60000,0x0000000029e60000)]
  0x000000001fb43800 JavaThread "WorkerExecutor Queue Thread 3" [_thread_blocked, id=59580, stack(0x0000000029c60000,0x0000000029d60000)]
  0x000000001fb48000 JavaThread "WorkerExecutor Queue Thread 2" [_thread_blocked, id=59460, stack(0x00000000290a0000,0x00000000291a0000)]
  0x000000001fb47000 JavaThread "WorkerExecutor Queue" [_thread_blocked, id=59484, stack(0x0000000028fa0000,0x00000000290a0000)]
  0x0000000025348800 JavaThread "Cache worker for execution history cache (C:\Users\illyo\AndroidStudioProjects\studentsApp\.gradle\6.1.1\executionHistory)" [_thread_blocked, id=60344, stack(0x00000000287e0000,0x00000000288e0000)]
  0x0000000025342000 JavaThread "Execution worker for ':' Thread 7" [_thread_blocked, id=57372, stack(0x00000000284a0000,0x00000000285a0000)]
  0x0000000025345800 JavaThread "Execution worker for ':' Thread 6" [_thread_blocked, id=59940, stack(0x00000000283a0000,0x00000000284a0000)]
  0x0000000025345000 JavaThread "Execution worker for ':' Thread 5" [_thread_blocked, id=59684, stack(0x00000000282a0000,0x00000000283a0000)]
  0x0000000025348000 JavaThread "Execution worker for ':' Thread 4" [_thread_blocked, id=59680, stack(0x0000000027ba0000,0x0000000027ca0000)]
  0x0000000025343800 JavaThread "Execution worker for ':' Thread 3" [_thread_in_vm, id=59676, stack(0x00000000277a0000,0x00000000278a0000)]
  0x0000000025340000 JavaThread "Execution worker for ':' Thread 2" [_thread_blocked, id=59648, stack(0x00000000274a0000,0x00000000275a0000)]
  0x000000001cb98000 JavaThread "Execution worker for ':'" [_thread_blocked, id=59272, stack(0x00000000273a0000,0x00000000274a0000)]
  0x000000001cb92800 JavaThread "Cache worker for file content cache (C:\Users\illyo\AndroidStudioProjects\studentsApp\.gradle\6.1.1\fileContent)" [_thread_blocked, id=60328, stack(0x00000000272a0000,0x00000000273a0000)]
  0x000000001cb97000 JavaThread "Cache worker for Build Output Cleanup Cache (C:\Users\illyo\AndroidStudioProjects\studentsApp\.gradle\buildOutputCleanup)" [_thread_blocked, id=60320, stack(0x0000000025b20000,0x0000000025c20000)]
  0x000000001cb8b000 JavaThread "Build operations Thread 8" [_thread_blocked, id=60196, stack(0x0000000023c50000,0x0000000023d50000)]
  0x000000001cb92000 JavaThread "Build operations Thread 7" [_thread_blocked, id=60240, stack(0x0000000023660000,0x0000000023760000)]
  0x000000001cb91000 JavaThread "Build operations Thread 6" [_thread_blocked, id=60268, stack(0x0000000023560000,0x0000000023660000)]
  0x000000001cb89800 JavaThread "Build operations Thread 5" [_thread_blocked, id=60232, stack(0x0000000023460000,0x0000000023560000)]
  0x000000001cb8c000 JavaThread "Build operations Thread 4" [_thread_blocked, id=60228, stack(0x0000000023360000,0x0000000023460000)]
  0x000000001cb8c800 JavaThread "Build operations Thread 3" [_thread_blocked, id=60264, stack(0x0000000023260000,0x0000000023360000)]
  0x000000001cb90800 JavaThread "Build operations Thread 2" [_thread_blocked, id=60260, stack(0x0000000023160000,0x0000000023260000)]
  0x000000001cb89000 JavaThread "Build operations" [_thread_blocked, id=60244, stack(0x0000000022bf0000,0x0000000022cf0000)]
  0x000000001cb8f000 JavaThread "Cache worker for cache directory md-rule (C:\Users\illyo\.gradle\caches\6.1.1\md-rule)" [_thread_blocked, id=60088, stack(0x0000000022af0000,0x0000000022bf0000)]
  0x000000001cb8f800 JavaThread "Cache worker for cache directory md-supplier (C:\Users\illyo\.gradle\caches\6.1.1\md-supplier)" [_thread_blocked, id=60104, stack(0x0000000020f20000,0x0000000021020000)]
  0x0000000022669000 JavaThread "Cache worker for file hash cache (C:\Users\illyo\AndroidStudioProjects\studentsApp\.gradle\6.1.1\fileHashes)" [_thread_blocked, id=60100, stack(0x0000000020770000,0x0000000020870000)]
  0x000000002266d000 JavaThread "Cache worker for checksums cache (C:\Users\illyo\AndroidStudioProjects\studentsApp\.gradle\checksums)" [_thread_blocked, id=60028, stack(0x000000001dcd0000,0x000000001ddd0000)]
  0x000000002266c000 JavaThread "Thread-1703" [_thread_blocked, id=60032, stack(0x000000001dbd0000,0x000000001dcd0000)]
  0x0000000022668800 JavaThread "Stdin handler" [_thread_blocked, id=60052, stack(0x000000001dad0000,0x000000001dbd0000)]
  0x0000000022666000 JavaThread "Asynchronous log dispatcher for DefaultDaemonConnection: socket connection from /127.0.0.1:51133 to /127.0.0.1:65366" [_thread_blocked, id=60044, stack(0x000000001d7d0000,0x000000001d8d0000)]
  0x0000000022660000 JavaThread "Daemon worker Thread 32" [_thread_blocked, id=59932, stack(0x000000001d6d0000,0x000000001d7d0000)]
  0x000000002265e000 JavaThread "Cancel handler" [_thread_blocked, id=59896, stack(0x0000000000c00000,0x0000000000d00000)]
  0x000000002265f800 JavaThread "Handler for socket connection from /127.0.0.1:51133 to /127.0.0.1:65366" [_thread_in_native, id=59916, stack(0x0000000000b00000,0x0000000000c00000)]
  0x0000000022664800 JavaThread "Daemon Thread 32" [_thread_blocked, id=59908, stack(0x0000000000a00000,0x0000000000b00000)]
  0x000000002533f800 JavaThread "Cache worker for Java compile cache (C:\Users\illyo\.gradle\caches\6.1.1\javaCompile)" [_thread_blocked, id=14524, stack(0x0000000027aa0000,0x0000000027ba0000)]
  0x000000001ecc7000 JavaThread "Cache worker for file content cache (C:\Users\illyo\.gradle\caches\6.1.1\fileContent)" [_thread_blocked, id=13364, stack(0x0000000025a20000,0x0000000025b20000)]
  0x000000001ecbf800 JavaThread "Memory manager" [_thread_blocked, id=11176, stack(0x0000000025720000,0x0000000025820000)]
  0x000000001c1c1000 JavaThread "Cache worker for execution history cache (C:\Users\illyo\.gradle\caches\6.1.1\executionHistory)" [_thread_blocked, id=10052, stack(0x0000000021020000,0x0000000021120000)]
  0x000000001c1bf800 JavaThread "Cache worker for file hash cache (C:\Users\illyo\.gradle\caches\6.1.1\fileHashes)" [_thread_blocked, id=12440, stack(0x000000001e4d0000,0x000000001e5d0000)]
  0x000000001c1c2800 JavaThread "File lock request listener" [_thread_in_native, id=13984, stack(0x000000001e3d0000,0x000000001e4d0000)]
  0x000000001a69d000 JavaThread "Cache worker for journal cache (C:\Users\illyo\.gradle\caches\journal-1)" [_thread_blocked, id=12544, stack(0x000000001e2d0000,0x000000001e3d0000)]
  0x000000001c005800 JavaThread "Daemon periodic checks" [_thread_blocked, id=1656, stack(0x000000001d5d0000,0x000000001d6d0000)]
  0x000000001c002800 JavaThread "Incoming local TCP Connector on port 51133" [_thread_in_native, id=14840, stack(0x000000001d380000,0x000000001d480000)]
  0x000000001a6d4800 JavaThread "Daemon health stats" [_thread_blocked, id=8432, stack(0x000000001cd40000,0x000000001ce40000)]
  0x0000000019711800 JavaThread "Service Thread" daemon [_thread_blocked, id=11676, stack(0x000000001a3a0000,0x000000001a4a0000)]
  0x00000000196d5000 JavaThread "C1 CompilerThread3" daemon [_thread_blocked, id=11844, stack(0x000000001a2a0000,0x000000001a3a0000)]
  0x00000000196cd800 JavaThread "C2 CompilerThread2" daemon [_thread_blocked, id=12824, stack(0x000000001a1a0000,0x000000001a2a0000)]
  0x00000000196cb800 JavaThread "C2 CompilerThread1" daemon [_thread_blocked, id=1124, stack(0x000000001a0a0000,0x000000001a1a0000)]
=>0x00000000196c1000 JavaThread "C2 CompilerThread0" daemon [_thread_in_native, id=5024, stack(0x0000000019fa0000,0x000000001a0a0000)]
  0x00000000196c0000 JavaThread "Attach Listener" daemon [_thread_blocked, id=10724, stack(0x0000000019ea0000,0x0000000019fa0000)]
  0x00000000196bf000 JavaThread "Signal Dispatcher" daemon [_thread_blocked, id=10076, stack(0x0000000019da0000,0x0000000019ea0000)]
  0x0000000002839800 JavaThread "Finalizer" daemon [_thread_blocked, id=12472, stack(0x0000000019b90000,0x0000000019c90000)]
  0x00000000178ac000 JavaThread "Reference Handler" daemon [_thread_blocked, id=900, stack(0x0000000019a90000,0x0000000019b90000)]
  0x000000000263e000 JavaThread "main" [_thread_blocked, id=5788, stack(0x0000000002640000,0x0000000002740000)]

Other Threads:
  0x00000000178a5800 VMThread [stack: 0x0000000019590000,0x0000000019690000] [id=11896]
  0x0000000019712800 WatcherThread [stack: 0x000000001a4a0000,0x000000001a5a0000] [id=5468]

VM state:not at safepoint (normal execution)

VM Mutex/Monitor currently owned by a thread: None

heap address: 0x0000000080000000, size: 2048 MB, Compressed Oops mode: 32-bit
Narrow klass base: 0x0000000000000000, Narrow klass shift: 3
Compressed class space size: 1073741824 Address: 0x0000000100000000

Heap:
 PSYoungGen      total 524800K, used 174451K [0x00000000d5580000, 0x00000000f9280000, 0x0000000100000000)
  eden space 472064K, 28% used [0x00000000d5580000,0x00000000ddadd5e0,0x00000000f2280000)
  from space 52736K, 71% used [0x00000000f5f00000,0x00000000f83ff8b8,0x00000000f9280000)
  to   space 57344K, 0% used [0x00000000f2280000,0x00000000f2280000,0x00000000f5a80000)
 ParOldGen       total 218112K, used 101704K [0x0000000080000000, 0x000000008d500000, 0x00000000d5580000)
  object space 218112K, 46% used [0x0000000080000000,0x00000000863522a8,0x000000008d500000)
 Metaspace       used 102613K, capacity 110640K, committed 110888K, reserved 1146880K
  class space    used 12944K, capacity 14262K, committed 14384K, reserved 1048576K

Card table byte_map: [0x0000000011c00000,0x0000000012010000] byte_map_base: 0x0000000011800000

Marking Bits: (ParMarkBitMap*) 0x00000000514cf030
 Begin Bits: [0x0000000012ac0000, 0x0000000014ac0000)
 End Bits:   [0x0000000014ac0000, 0x0000000016ac0000)

Polling page: 0x00000000008f0000

CodeCache: size=245760Kb used=95467Kb max_used=97032Kb free=150292Kb
 bounds [0x0000000002840000, 0x00000000087b0000, 0x0000000011840000]
 total_blobs=25840 nmethods=24957 adapters=794
 compilation: enabled

Compilation events (10 events):
Event: 10543.057 Thread 0x00000000196cb800 nmethod 33291 0x0000000002abbd10 code [0x0000000002abbec0, 0x0000000002abc818]
Event: 10543.239 Thread 0x00000000196d5000 33293       3       java.io.ObjectStreamClass$MemberSignature::<init> (29 bytes)
Event: 10543.240 Thread 0x00000000196d5000 nmethod 33293 0x0000000004d48210 code [0x0000000004d48380, 0x0000000004d48748]
Event: 10543.240 Thread 0x00000000196d5000 33294       3       java.io.ObjectStreamClass::access$2600 (5 bytes)
Event: 10543.241 Thread 0x00000000196d5000 nmethod 33294 0x00000000043f1910 code [0x00000000043f1a80, 0x00000000043f1be8]
Event: 10543.243 Thread 0x00000000196cb800 33295       4       java.io.FileDescriptor::<init> (17 bytes)
Event: 10543.244 Thread 0x00000000196cb800 nmethod 33295 0x0000000006aff810 code [0x0000000006aff940, 0x0000000006aff9b8]
Event: 10543.254 Thread 0x00000000196d5000 33296   !   3       java.util.concurrent.ConcurrentHashMap::replaceNode (416 bytes)
Event: 10543.266 Thread 0x00000000196d5000 nmethod 33296 0x00000000044fa990 code [0x00000000044fac60, 0x00000000044fc6e8]
Event: 10543.289 Thread 0x00000000196cd800 nmethod 33290 0x0000000006143250 code [0x00000000061437c0, 0x0000000006148d60]

GC Heap History (10 events):
Event: 7476.484 GC heap before
{Heap before GC invocations=58 (full 4):
 PSYoungGen      total 411648K, used 397417K [0x00000000d5580000, 0x00000000f2a80000, 0x0000000100000000)
  eden space 371200K, 100% used [0x00000000d5580000,0x00000000ec000000,0x00000000ec000000)
  from space 40448K, 64% used [0x00000000ec000000,0x00000000ed99a738,0x00000000ee780000)
  to   space 40960K, 0% used [0x00000000f0280000,0x00000000f0280000,0x00000000f2a80000)
 ParOldGen       total 218112K, used 75665K [0x0000000080000000, 0x000000008d500000, 0x00000000d5580000)
  object space 218112K, 34% used [0x0000000080000000,0x00000000849e4720,0x000000008d500000)
 Metaspace       used 102224K, capacity 110262K, committed 110504K, reserved 1144832K
  class space    used 12918K, capacity 14255K, committed 14256K, reserved 1048576K
Event: 7476.519 GC heap after
Heap after GC invocations=58 (full 4):
 PSYoungGen      total 439296K, used 26058K [0x00000000d5580000, 0x00000000f2c00000, 0x0000000100000000)
  eden space 398336K, 0% used [0x00000000d5580000,0x00000000d5580000,0x00000000eda80000)
  from space 40960K, 63% used [0x00000000f0280000,0x00000000f1bf2bf0,0x00000000f2a80000)
  to   space 40960K, 0% used [0x00000000eda80000,0x00000000eda80000,0x00000000f0280000)
 ParOldGen       total 218112K, used 75705K [0x0000000080000000, 0x000000008d500000, 0x00000000d5580000)
  object space 218112K, 34% used [0x0000000080000000,0x00000000849ee720,0x000000008d500000)
 Metaspace       used 102224K, capacity 110262K, committed 110504K, reserved 1144832K
  class space    used 12918K, capacity 14255K, committed 14256K, reserved 1048576K
}
Event: 7478.239 GC heap before
{Heap before GC invocations=59 (full 4):
 PSYoungGen      total 439296K, used 424394K [0x00000000d5580000, 0x00000000f2c00000, 0x0000000100000000)
  eden space 398336K, 100% used [0x00000000d5580000,0x00000000eda80000,0x00000000eda80000)
  from space 40960K, 63% used [0x00000000f0280000,0x00000000f1bf2bf0,0x00000000f2a80000)
  to   space 40960K, 0% used [0x00000000eda80000,0x00000000eda80000,0x00000000f0280000)
 ParOldGen       total 218112K, used 75705K [0x0000000080000000, 0x000000008d500000, 0x00000000d5580000)
  object space 218112K, 34% used [0x0000000080000000,0x00000000849ee720,0x000000008d500000)
 Metaspace       used 102227K, capacity 110264K, committed 110504K, reserved 1144832K
  class space    used 12919K, capacity 14256K, committed 14256K, reserved 1048576K
Event: 7478.282 GC heap after
Heap after GC invocations=59 (full 4):
 PSYoungGen      total 439296K, used 26056K [0x00000000d5580000, 0x00000000f4b00000, 0x0000000100000000)
  eden space 398336K, 0% used [0x00000000d5580000,0x00000000d5580000,0x00000000eda80000)
  from space 40960K, 63% used [0x00000000eda80000,0x00000000ef3f2068,0x00000000f0280000)
  to   space 40960K, 0% used [0x00000000f2300000,0x00000000f2300000,0x00000000f4b00000)
 ParOldGen       total 218112K, used 75785K [0x0000000080000000, 0x000000008d500000, 0x00000000d5580000)
  object space 218112K, 34% used [0x0000000080000000,0x0000000084a02730,0x000000008d500000)
 Metaspace       used 102227K, capacity 110264K, committed 110504K, reserved 1144832K
  class space    used 12919K, capacity 14256K, committed 14256K, reserved 1048576K
}
Event: 7479.810 GC heap before
{Heap before GC invocations=60 (full 4):
 PSYoungGen      total 439296K, used 424392K [0x00000000d5580000, 0x00000000f4b00000, 0x0000000100000000)
  eden space 398336K, 100% used [0x00000000d5580000,0x00000000eda80000,0x00000000eda80000)
  from space 40960K, 63% used [0x00000000eda80000,0x00000000ef3f2068,0x00000000f0280000)
  to   space 40960K, 0% used [0x00000000f2300000,0x00000000f2300000,0x00000000f4b00000)
 ParOldGen       total 218112K, used 75785K [0x0000000080000000, 0x000000008d500000, 0x00000000d5580000)
  object space 218112K, 34% used [0x0000000080000000,0x0000000084a02730,0x000000008d500000)
 Metaspace       used 102237K, capacity 110336K, committed 110504K, reserved 1144832K
  class space    used 12919K, capacity 14256K, committed 14256K, reserved 1048576K
Event: 7479.856 GC heap after
Heap after GC invocations=60 (full 4):
 PSYoungGen      total 472576K, used 26167K [0x00000000d5580000, 0x00000000f4e00000, 0x0000000100000000)
  eden space 431616K, 0% used [0x00000000d5580000,0x00000000d5580000,0x00000000efb00000)
  from space 40960K, 63% used [0x00000000f2300000,0x00000000f3c8dfe0,0x00000000f4b00000)
  to   space 40960K, 0% used [0x00000000efb00000,0x00000000efb00000,0x00000000f2300000)
 ParOldGen       total 218112K, used 75809K [0x0000000080000000, 0x000000008d500000, 0x00000000d5580000)
  object space 218112K, 34% used [0x0000000080000000,0x0000000084a08730,0x000000008d500000)
 Metaspace       used 102237K, capacity 110336K, committed 110504K, reserved 1144832K
  class space    used 12919K, capacity 14256K, committed 14256K, reserved 1048576K
}
Event: 7483.302 GC heap before
{Heap before GC invocations=61 (full 4):
 PSYoungGen      total 472576K, used 457783K [0x00000000d5580000, 0x00000000f4e00000, 0x0000000100000000)
  eden space 431616K, 100% used [0x00000000d5580000,0x00000000efb00000,0x00000000efb00000)
  from space 40960K, 63% used [0x00000000f2300000,0x00000000f3c8dfe0,0x00000000f4b00000)
  to   space 40960K, 0% used [0x00000000efb00000,0x00000000efb00000,0x00000000f2300000)
 ParOldGen       total 218112K, used 75809K [0x0000000080000000, 0x000000008d500000, 0x00000000d5580000)
  object space 218112K, 34% used [0x0000000080000000,0x0000000084a08730,0x000000008d500000)
 Metaspace       used 102265K, capacity 110346K, committed 110632K, reserved 1144832K
  class space    used 12919K, capacity 14257K, committed 14384K, reserved 1048576K
Event: 7483.535 GC heap after
Heap after GC invocations=61 (full 4):
 PSYoungGen      total 472576K, used 40932K [0x00000000d5580000, 0x00000000f9580000, 0x0000000100000000)
  eden space 431616K, 0% used [0x00000000d5580000,0x00000000d5580000,0x00000000efb00000)
  from space 40960K, 99% used [0x00000000efb00000,0x00000000f22f90b8,0x00000000f2300000)
  to   space 55808K, 0% used [0x00000000f5f00000,0x00000000f5f00000,0x00000000f9580000)
 ParOldGen       total 218112K, used 101672K [0x0000000080000000, 0x000000008d500000, 0x00000000d5580000)
  object space 218112K, 46% used [0x0000000080000000,0x000000008634a2a8,0x000000008d500000)
 Metaspace       used 102265K, capacity 110346K, committed 110632K, reserved 1144832K
  class space    used 12919K, capacity 14257K, committed 14384K, reserved 1048576K
}
Event: 10122.178 GC heap before
{Heap before GC invocations=62 (full 4):
 PSYoungGen      total 472576K, used 472541K [0x00000000d5580000, 0x00000000f9580000, 0x0000000100000000)
  eden space 431616K, 99% used [0x00000000d5580000,0x00000000efafe610,0x00000000efb00000)
  from space 40960K, 99% used [0x00000000efb00000,0x00000000f22f90b8,0x00000000f2300000)
  to   space 55808K, 0% used [0x00000000f5f00000,0x00000000f5f00000,0x00000000f9580000)
 ParOldGen       total 218112K, used 101672K [0x0000000080000000, 0x000000008d500000, 0x00000000d5580000)
  object space 218112K, 46% used [0x0000000080000000,0x000000008634a2a8,0x000000008d500000)
 Metaspace       used 102370K, capacity 110418K, committed 110632K, reserved 1144832K
  class space    used 12920K, capacity 14257K, committed 14384K, reserved 1048576K
Event: 10122.383 GC heap after
Heap after GC invocations=62 (full 4):
 PSYoungGen      total 524800K, used 37886K [0x00000000d5580000, 0x00000000f9280000, 0x0000000100000000)
  eden space 472064K, 0% used [0x00000000d5580000,0x00000000d5580000,0x00000000f2280000)
  from space 52736K, 71% used [0x00000000f5f00000,0x00000000f83ff8b8,0x00000000f9280000)
  to   space 57344K, 0% used [0x00000000f2280000,0x00000000f2280000,0x00000000f5a80000)
 ParOldGen       total 218112K, used 101704K [0x0000000080000000, 0x000000008d500000, 0x00000000d5580000)
  object space 218112K, 46% used [0x0000000080000000,0x00000000863522a8,0x000000008d500000)
 Metaspace       used 102370K, capacity 110418K, committed 110632K, reserved 1144832K
  class space    used 12920K, capacity 14257K, committed 14384K, reserved 1048576K
}

Deoptimization events (10 events):
Event: 10542.785 Thread 0x0000000025342000 Uncommon trap: reason=unstable_if action=reinterpret pc=0x0000000004b245d8 method=com.sun.org.apache.xerces.internal.dom.NodeImpl.hasStringValue()Z @ 8
Event: 10542.785 Thread 0x0000000025342000 Uncommon trap: reason=bimorphic action=maybe_recompile pc=0x0000000004beb83c method=com.android.utils.XmlUtils.append(Lcom/android/utils/XmlUtils$PositionAwareStringBuilder;Lorg/w3c/dom/Node;Ljava/util/Map;Ljava/util/Set;)V @ 319
Event: 10542.785 Thread 0x0000000025342000 Uncommon trap: reason=bimorphic action=maybe_recompile pc=0x0000000004beb83c method=com.android.utils.XmlUtils.append(Lcom/android/utils/XmlUtils$PositionAwareStringBuilder;Lorg/w3c/dom/Node;Ljava/util/Map;Ljava/util/Set;)V @ 319
Event: 10542.785 Thread 0x0000000025342000 Uncommon trap: reason=bimorphic action=maybe_recompile pc=0x0000000004beb83c method=com.android.utils.XmlUtils.append(Lcom/android/utils/XmlUtils$PositionAwareStringBuilder;Lorg/w3c/dom/Node;Ljava/util/Map;Ljava/util/Set;)V @ 319
Event: 10542.804 Thread 0x0000000025342000 Uncommon trap: reason=unstable_if action=reinterpret pc=0x0000000004b394bc method=com.android.utils.XmlUtils.toXmlAttributeValue(Ljava/lang/String;)Ljava/lang/String; @ 27
Event: 10542.843 Thread 0x0000000025342000 Uncommon trap: reason=unstable_if action=reinterpret pc=0x0000000004be7bbc method=com.android.utils.XmlUtils.append(Lcom/android/utils/XmlUtils$PositionAwareStringBuilder;Lorg/w3c/dom/Node;Ljava/util/Map;Ljava/util/Set;)V @ 540
Event: 10543.038 Thread 0x0000000025342000 Uncommon trap: reason=unstable_if action=reinterpret pc=0x000000000774b7dc method=com.android.ide.common.resources.DataItem.isRemoved()Z @ 6
Event: 10543.039 Thread 0x0000000025342000 Uncommon trap: reason=class_check action=maybe_recompile pc=0x0000000004bba0b4 method=com.android.ide.common.resources.NodeUtils.duplicateNode(Lorg/w3c/dom/Document;Lorg/w3c/dom/Node;)Lorg/w3c/dom/Node; @ 1
Event: 10543.164 Thread 0x000000001fb47000 Uncommon trap: reason=unstable_if action=reinterpret pc=0x0000000003401a54 method=java.util.concurrent.locks.ReentrantReadWriteLock$Sync.tryAcquireShared(I)I @ 60
Event: 10543.164 Thread 0x000000001fb48000 Uncommon trap: reason=unstable_if action=reinterpret pc=0x000000000455e258 method=java.util.concurrent.locks.ReentrantReadWriteLock$Sync.tryReleaseShared(I)Z @ 135

Classes redefined (0 events):
No events

Internal exceptions (10 events):
Event: 7606.609 Thread 0x0000000025342000 Exception <a 'sun/nio/fs/WindowsException'> (0x00000000ed2f86a8) thrown at [C:\src\AOSP-openjdk-git\hotspot\src\share\vm\prims\jni.cpp, line 710]
Event: 7606.609 Thread 0x0000000025342000 Exception <a 'sun/nio/fs/WindowsException'> (0x00000000ed2f9348) thrown at [C:\src\AOSP-openjdk-git\hotspot\src\share\vm\prims\jni.cpp, line 710]
Event: 7606.609 Thread 0x0000000025342000 Exception <a 'sun/nio/fs/WindowsException'> (0x00000000ed2fa070) thrown at [C:\src\AOSP-openjdk-git\hotspot\src\share\vm\prims\jni.cpp, line 710]
Event: 7606.609 Thread 0x0000000025342000 Exception <a 'sun/nio/fs/WindowsException'> (0x00000000ed2fbd98) thrown at [C:\src\AOSP-openjdk-git\hotspot\src\share\vm\prims\jni.cpp, line 710]
Event: 7606.609 Thread 0x0000000025342000 Exception <a 'sun/nio/fs/WindowsException'> (0x00000000ed2fca48) thrown at [C:\src\AOSP-openjdk-git\hotspot\src\share\vm\prims\jni.cpp, line 710]
Event: 7606.609 Thread 0x0000000025342000 Exception <a 'sun/nio/fs/WindowsException'> (0x00000000ed2fd780) thrown at [C:\src\AOSP-openjdk-git\hotspot\src\share\vm\prims\jni.cpp, line 710]
Event: 7606.770 Thread 0x000000001c880800 Exception <a 'sun/nio/fs/WindowsException'> (0x00000000ee922a80) thrown at [C:\src\AOSP-openjdk-git\hotspot\src\share\vm\prims\jni.cpp, line 710]
Event: 10542.036 Thread 0x0000000025342000 Implicit null exception at 0x00000000064c1a39 to 0x00000000064c2bbd
Event: 10542.049 Thread 0x0000000025342000 Implicit null exception at 0x0000000004a9b68c to 0x0000000004a99d59
Event: 10542.298 Thread 0x0000000025342000 Implicit null exception at 0x000000000716e827 to 0x000000000716f32e

Events (10 events):
Event: 10543.246 Thread 0x000000001fb45000 Thread added: 0x000000001fb45000
Event: 10543.247 Thread 0x000000001c881800 Thread added: 0x000000001c881800
Event: 10543.247 Thread 0x000000001c880800 Thread added: 0x000000001c880800
Event: 10543.248 Thread 0x000000001c886000 Thread added: 0x000000001c886000
Event: 10543.248 Thread 0x000000001c882000 Thread added: 0x000000001c882000
Event: 10543.249 Thread 0x000000001c883800 Thread added: 0x000000001c883800
Event: 10543.251 Thread 0x000000001c884800 Thread added: 0x000000001c884800
Event: 10543.251 Thread 0x000000001c885000 Thread added: 0x000000001c885000
Event: 10543.253 Thread 0x000000001c886800 Thread added: 0x000000001c886800
Event: 10543.254 Thread 0x000000001ecc2800 Thread added: 0x000000001ecc2800


Dynamic libraries:
0x00007ff6d4060000 - 0x00007ff6d4091000 	C:\Program Files\Android\Android Studio\jre\bin\java.exe
0x00007ffdc8d90000 - 0x00007ffdc8f84000 	C:\WINDOWS\SYSTEM32\ntdll.dll
0x00007ffdc6e70000 - 0x00007ffdc6f2d000 	C:\WINDOWS\System32\KERNEL32.DLL
0x00007ffdc66a0000 - 0x00007ffdc6967000 	C:\WINDOWS\System32\KERNELBASE.dll
0x00007ffdc8850000 - 0x00007ffdc88fa000 	C:\WINDOWS\System32\ADVAPI32.dll
0x00007ffdc7de0000 - 0x00007ffdc7e7e000 	C:\WINDOWS\System32\msvcrt.dll
0x00007ffdc82d0000 - 0x00007ffdc836b000 	C:\WINDOWS\System32\sechost.dll
0x00007ffdc8a50000 - 0x00007ffdc8b73000 	C:\WINDOWS\System32\RPCRT4.dll
0x00007ffdc8130000 - 0x00007ffdc82d0000 	C:\WINDOWS\System32\USER32.dll
0x00007ffdc6dd0000 - 0x00007ffdc6df2000 	C:\WINDOWS\System32\win32u.dll
0x00007ffdc7810000 - 0x00007ffdc783a000 	C:\WINDOWS\System32\GDI32.dll
0x00007ffdc6cc0000 - 0x00007ffdc6dca000 	C:\WINDOWS\System32\gdi32full.dll
0x00007ffdc6b40000 - 0x00007ffdc6bdd000 	C:\WINDOWS\System32\msvcp_win.dll
0x00007ffdc69c0000 - 0x00007ffdc6ac0000 	C:\WINDOWS\System32\ucrtbase.dll
0x00007ffdb1e00000 - 0x00007ffdb209a000 	C:\WINDOWS\WinSxS\amd64_microsoft.windows.common-controls_6595b64144ccf1df_6.0.19041.1_none_b555e41d4684ddec\COMCTL32.dll
0x00007ffdc8b80000 - 0x00007ffdc8bb0000 	C:\WINDOWS\System32\IMM32.DLL
0x00000000504a0000 - 0x0000000050572000 	C:\Program Files\Android\Android Studio\jre\jre\bin\msvcr100.dll
0x0000000050d00000 - 0x000000005154b000 	C:\Program Files\Android\Android Studio\jre\jre\bin\server\jvm.dll
0x00007ffdc6f90000 - 0x00007ffdc6f98000 	C:\WINDOWS\System32\PSAPI.DLL
0x00007ffdc2f80000 - 0x00007ffdc2f89000 	C:\WINDOWS\SYSTEM32\WSOCK32.dll
0x00007ffdc04d0000 - 0x00007ffdc04da000 	C:\WINDOWS\SYSTEM32\VERSION.dll
0x00007ffdc6e00000 - 0x00007ffdc6e6b000 	C:\WINDOWS\System32\WS2_32.dll
0x00007ffdb7c20000 - 0x00007ffdb7c47000 	C:\WINDOWS\SYSTEM32\WINMM.dll
0x00007ffdc16e0000 - 0x00007ffdc16ef000 	C:\Program Files\Android\Android Studio\jre\jre\bin\verify.dll
0x00007ffdbeb50000 - 0x00007ffdbeb79000 	C:\Program Files\Android\Android Studio\jre\jre\bin\java.dll
0x00007ffdbd230000 - 0x00007ffdbd246000 	C:\Program Files\Android\Android Studio\jre\jre\bin\zip.dll
0x00007ffdc6fa0000 - 0x00007ffdc76d5000 	C:\WINDOWS\System32\SHELL32.dll
0x00007ffdc4390000 - 0x00007ffdc4b1f000 	C:\WINDOWS\SYSTEM32\windows.storage.dll
0x00007ffdc7840000 - 0x00007ffdc7b93000 	C:\WINDOWS\System32\combase.dll
0x00007ffdc5e90000 - 0x00007ffdc5ebb000 	C:\WINDOWS\SYSTEM32\Wldp.dll
0x00007ffdc8920000 - 0x00007ffdc89ce000 	C:\WINDOWS\System32\SHCORE.dll
0x00007ffdc8c20000 - 0x00007ffdc8c75000 	C:\WINDOWS\System32\shlwapi.dll
0x00007ffdc6420000 - 0x00007ffdc643f000 	C:\WINDOWS\SYSTEM32\profapi.dll
0x00007ffdbd210000 - 0x00007ffdbd22a000 	C:\Program Files\Android\Android Studio\jre\jre\bin\net.dll
0x00007ffdc5c30000 - 0x00007ffdc5c9a000 	C:\WINDOWS\system32\mswsock.dll
0x00007ffdbd1c0000 - 0x00007ffdbd1d3000 	C:\Program Files\Android\Android Studio\jre\jre\bin\nio.dll
0x00007ffdbb330000 - 0x00007ffdbb356000 	C:\Users\illyo\.gradle\native\31\windows-amd64\native-platform.dll
0x00007ffdbeb40000 - 0x00007ffdbeb4d000 	C:\Program Files\Android\Android Studio\jre\jre\bin\management.dll
0x00007ffdc61c0000 - 0x00007ffdc61d8000 	C:\WINDOWS\SYSTEM32\CRYPTSP.dll
0x00007ffdc5560000 - 0x00007ffdc5594000 	C:\WINDOWS\system32\rsaenh.dll
0x00007ffdc6be0000 - 0x00007ffdc6c07000 	C:\WINDOWS\System32\bcrypt.dll
0x00007ffdc63e0000 - 0x00007ffdc640e000 	C:\WINDOWS\SYSTEM32\USERENV.dll
0x00007ffdc6ac0000 - 0x00007ffdc6b3f000 	C:\WINDOWS\System32\bcryptprimitives.dll
0x00007ffdc5e00000 - 0x00007ffdc5e0c000 	C:\WINDOWS\SYSTEM32\CRYPTBASE.dll
0x00007ffdc5920000 - 0x00007ffdc595b000 	C:\WINDOWS\SYSTEM32\IPHLPAPI.DLL
0x00007ffdc8bb0000 - 0x00007ffdc8bb9000 	C:\WINDOWS\System32\NSI.dll
0x00007ffdc03a0000 - 0x00007ffdc03b7000 	C:\WINDOWS\SYSTEM32\dhcpcsvc6.DLL
0x00007ffdc0380000 - 0x00007ffdc039d000 	C:\WINDOWS\SYSTEM32\dhcpcsvc.DLL
0x00007ffdc5960000 - 0x00007ffdc5a2a000 	C:\WINDOWS\SYSTEM32\DNSAPI.dll

VM Arguments:
jvm_args: -Xmx2048m -Dfile.encoding=windows-1251 -Duser.country=RU -Duser.language=ru -Duser.variant 
java_command: org.gradle.launcher.daemon.bootstrap.GradleDaemon 6.1.1
java_class_path (initial): C:\Users\illyo\.gradle\wrapper\dists\gradle-6.1.1-all\cfmwm155h49vnt3hynmlrsdst\gradle-6.1.1\lib\gradle-launcher-6.1.1.jar
Launcher Type: SUN_STANDARD

Environment Variables:
PATH=C:\Program Files (x86)\Common Files\Intel\Shared Libraries\redist\intel64\compiler;C:\Windows\system32;C:\Windows;C:\Windows\System32\Wbem;C:\Windows\System32\WindowsPowerShell\v1.0\;C:\Windows\System32\OpenSSH\;C:\Program Files (x86)\NVIDIA Corporation\PhysX\Common;C:\Program Files\NVIDIA Corporation\NVIDIA NvDLISR;C:\Program Files\Microsoft SQL Server\130\Tools\Binn\;C:\Program Files\Microsoft SQL Server\150\DTS\Binn\;C:\Program Files\Microsoft SQL Server\Client SDK\ODBC\170\Tools\Binn\;C:\Program Files (x86)\Microsoft SQL Server\150\Tools\Binn\;C:\Program Files\Microsoft SQL Server\150\Tools\Binn\;C:\Program Files\EmEditor Professional;C:\WINDOWS\system32;C:\WINDOWS;C:\WINDOWS\System32\Wbem;C:\WINDOWS\System32\WindowsPowerShell\v1.0\;C:\WINDOWS\System32\OpenSSH\;C:\Program Files\MySQL\MySQL Shell 8.0\bin\;C:\Users\illyo\AppData\Local\Microsoft\WindowsApps;C:\Users\illyo\AppData\Local\GitHubDesktop\bin;C:\Program Files\JetBrains\IntelliJ IDEA 2019.3.3\bin;;C:\Users\illyo\AppData\Local\Microsoft\WindowsApps;
USERNAME=illyo
OS=Windows_NT
PROCESSOR_IDENTIFIER=AMD64 Family 21 Model 2 Stepping 0, AuthenticAMD



---------------  S Y S T E M  ---------------

OS: Windows 10.0 , 64 bit Build 19041 (10.0.19041.292)

CPU:total 8 (initial active 8) (8 cores per cpu, 1 threads per core) family 21 model 2 stepping 0, cmov, cx8, fxsr, mmx, sse, sse2, sse3, ssse3, sse4.1, sse4.2, popcnt, avx, aes, clmul, mmxext, 3dnowpref, lzcnt, sse4a, tsc, tscinvbit, tscinv, bmi1

Memory: 4k page, physical 8386676k(2319456k free), swap 16779380k(3280k free)

vm_info: OpenJDK 64-Bit Server VM (25.242-b01) for windows-amd64 JRE (1.8.0_242-release-1644-b01), built by "builder" with MS VC++ 10.0 (VS2010)

time: Sat Aug 15 21:47:51 2020
timezone: RTZ 2 (зима)
elapsed time: 10543 seconds (0d 2h 55m 43s)

